2020-11-04 11:12:02,762 [DEBUG] {/usr/lib/python3.6/asyncio/selector_events.py:54} : Using selector: EpollSelector
2020-11-04 11:12:03,039 [INFO] {/home/rohit/Desktop/CRUD/env/lib/python3.6/site-packages/django/utils/autoreload.py:612} : Watching for file changes with StatReloader
2020-11-04 11:42:27,035 [INFO] {/home/rohit/Desktop/CRUD/env/lib/python3.6/site-packages/django/utils/autoreload.py:236} : /home/rohit/Desktop/CRUD/POLITICS/district/views.py changed, reloading.
2020-11-04 11:42:27,748 [DEBUG] {/usr/lib/python3.6/asyncio/selector_events.py:54} : Using selector: EpollSelector
2020-11-04 11:42:28,046 [INFO] {/home/rohit/Desktop/CRUD/env/lib/python3.6/site-packages/django/utils/autoreload.py:612} : Watching for file changes with StatReloader
2020-11-04 11:42:33,687 [DEBUG] {/home/rohit/Desktop/CRUD/POLITICS/district/views.py:359} : rrr
2020-11-04 11:43:42,831 [INFO] {/home/rohit/Desktop/CRUD/env/lib/python3.6/site-packages/django/utils/autoreload.py:236} : /home/rohit/Desktop/CRUD/POLITICS/config/settings.py changed, reloading.
2020-11-04 11:43:43,506 [DEBUG] {/usr/lib/python3.6/asyncio/selector_events.py:54} : Using selector: EpollSelector
2020-11-04 11:43:43,691 [INFO] {/home/rohit/Desktop/CRUD/env/lib/python3.6/site-packages/django/utils/autoreload.py:612} : Watching for file changes with StatReloader
2020-11-04 11:44:18,228 [INFO] {/home/rohit/Desktop/CRUD/env/lib/python3.6/site-packages/django/utils/autoreload.py:236} : /home/rohit/Desktop/CRUD/POLITICS/config/settings.py changed, reloading.
2020-11-04 11:44:18,884 [DEBUG] {/usr/lib/python3.6/asyncio/selector_events.py:54} : Using selector: EpollSelector
2020-11-04 11:44:19,049 [INFO] {/home/rohit/Desktop/CRUD/env/lib/python3.6/site-packages/django/utils/autoreload.py:612} : Watching for file changes with StatReloader
2020-11-04 11:44:32,059 [INFO] {/home/rohit/Desktop/CRUD/env/lib/python3.6/site-packages/django/utils/autoreload.py:236} : /home/rohit/Desktop/CRUD/POLITICS/district/views.py changed, reloading.
2020-11-04 11:44:32,746 [DEBUG] {/usr/lib/python3.6/asyncio/selector_events.py:54} : Using selector: EpollSelector
2020-11-04 11:44:33,033 [INFO] {/home/rohit/Desktop/CRUD/env/lib/python3.6/site-packages/django/utils/autoreload.py:612} : Watching for file changes with StatReloader
2020-11-04 11:46:27,016 [INFO] {/home/rohit/Desktop/CRUD/env/lib/python3.6/site-packages/django/utils/autoreload.py:236} : /home/rohit/Desktop/CRUD/POLITICS/config/settings.py changed, reloading.
2020-11-04 11:46:27,699 [DEBUG] {/usr/lib/python3.6/asyncio/selector_events.py:54} : Using selector: EpollSelector
2020-11-04 11:46:27,915 [INFO] {/home/rohit/Desktop/CRUD/env/lib/python3.6/site-packages/django/utils/autoreload.py:612} : Watching for file changes with StatReloader
2020-11-04 11:46:42,011 [INFO] {/home/rohit/Desktop/CRUD/env/lib/python3.6/site-packages/django/utils/autoreload.py:236} : /home/rohit/Desktop/CRUD/POLITICS/config/settings.py changed, reloading.
2020-11-04 11:46:42,589 [DEBUG] {/usr/lib/python3.6/asyncio/selector_events.py:54} : Using selector: EpollSelector
2020-11-04 11:46:42,842 [INFO] {/home/rohit/Desktop/CRUD/env/lib/python3.6/site-packages/django/utils/autoreload.py:612} : Watching for file changes with StatReloader
2020-11-04 11:47:46,323 [INFO] {/home/rohit/Desktop/CRUD/env/lib/python3.6/site-packages/django/utils/autoreload.py:236} : /home/rohit/Desktop/CRUD/POLITICS/config/settings.py changed, reloading.
2020-11-04 11:47:47,000 [DEBUG] {/usr/lib/python3.6/asyncio/selector_events.py:54} : Using selector: EpollSelector
2020-11-04 11:47:47,168 [INFO] {/home/rohit/Desktop/CRUD/env/lib/python3.6/site-packages/django/utils/autoreload.py:612} : Watching for file changes with StatReloader
2020-11-04 11:47:49,693 [DEBUG] {/home/rohit/Desktop/CRUD/POLITICS/district/views.py:359} : rrr
2020-11-04 11:48:39,018 [INFO] {/home/rohit/Desktop/CRUD/env/lib/python3.6/site-packages/django/utils/autoreload.py:236} : /home/rohit/Desktop/CRUD/POLITICS/config/settings.py changed, reloading.
2020-11-04 11:48:39,463 [DEBUG] {/usr/lib/python3.6/asyncio/selector_events.py:54} : Using selector: EpollSelector
2020-11-04 11:48:39,660 [INFO] {/home/rohit/Desktop/CRUD/env/lib/python3.6/site-packages/django/utils/autoreload.py:612} : Watching for file changes with StatReloader
2020-11-04 11:48:42,993 [DEBUG] {/home/rohit/Desktop/CRUD/POLITICS/district/views.py:359} : rrr
2020-11-04 11:49:28,660 [INFO] {/home/rohit/Desktop/CRUD/env/lib/python3.6/site-packages/django/utils/autoreload.py:236} : /home/rohit/Desktop/CRUD/POLITICS/config/settings.py changed, reloading.
2020-11-04 11:49:29,130 [DEBUG] {/usr/lib/python3.6/asyncio/selector_events.py:54} : Using selector: EpollSelector
2020-11-04 11:49:29,312 [INFO] {/home/rohit/Desktop/CRUD/env/lib/python3.6/site-packages/django/utils/autoreload.py:612} : Watching for file changes with StatReloader
2020-11-04 11:49:31,876 [DEBUG] {/home/rohit/Desktop/CRUD/POLITICS/district/views.py:359} : rrr
2020-11-04 11:49:31,876 [DEBUG] {/home/rohit/Desktop/CRUD/POLITICS/district/views.py:359} : rrr
2020-11-04 11:50:14,289 [INFO] {/home/rohit/Desktop/CRUD/env/lib/python3.6/site-packages/django/utils/autoreload.py:236} : /home/rohit/Desktop/CRUD/POLITICS/config/settings.py changed, reloading.
2020-11-04 11:50:29,542 [DEBUG] {/home/rohit/Desktop/CRUD/POLITICS/district/views.py:359} : wqwqwqwqw
2020-11-04 11:50:59,242 [DEBUG] {/home/rohit/Desktop/CRUD/POLITICS/district/views.py:359} : wqwqwqwqw
2020-11-06 11:24:38,874 [DEBUG] {/home/rohit/Desktop/CRUD/POLITICS/district/views.py:359} : wqwqwqwqw
